<?xml version="1.0" encoding="UTF-8"?>
<testsuite xmlns:xsi="http://www.w3.org/2001/XMLSchema-instance" xsi:noNamespaceSchemaLocation="https://maven.apache.org/surefire/maven-surefire-plugin/xsd/surefire-test-report-3.0.xsd" version="3.0" name="ef_kory_test.RunCucumberTest" time="23.28" tests="7" errors="1" skipped="6" failures="0">
  <properties>
    <property name="gopherProxySet" value="false"/>
    <property name="awt.toolkit" value="sun.lwawt.macosx.LWCToolkit"/>
    <property name="file.encoding.pkg" value="sun.io"/>
    <property name="java.specification.version" value="1.8"/>
    <property name="sun.cpu.isalist" value=""/>
    <property name="sun.jnu.encoding" value="UTF-8"/>
    <property name="java.class.path" value="/Users/koryanggraeni/test/ef_kory_test/ef_kory_test/target/test-classes:/Users/koryanggraeni/test/ef_kory_test/ef_kory_test/target/classes:/Users/koryanggraeni/.m2/repository/io/cucumber/cucumber-java/7.5.0/cucumber-java-7.5.0.jar:/Users/koryanggraeni/.m2/repository/io/cucumber/cucumber-core/7.5.0/cucumber-core-7.5.0.jar:/Users/koryanggraeni/.m2/repository/io/cucumber/cucumber-gherkin/7.5.0/cucumber-gherkin-7.5.0.jar:/Users/koryanggraeni/.m2/repository/io/cucumber/cucumber-gherkin-messages/7.5.0/cucumber-gherkin-messages-7.5.0.jar:/Users/koryanggraeni/.m2/repository/io/cucumber/gherkin/23.0.1/gherkin-23.0.1.jar:/Users/koryanggraeni/.m2/repository/io/cucumber/messages/18.0.0/messages-18.0.0.jar:/Users/koryanggraeni/.m2/repository/io/cucumber/tag-expressions/4.1.0/tag-expressions-4.1.0.jar:/Users/koryanggraeni/.m2/repository/io/cucumber/cucumber-expressions/16.0.0/cucumber-expressions-16.0.0.jar:/Users/koryanggraeni/.m2/repository/io/cucumber/datatable/7.5.0/datatable-7.5.0.jar:/Users/koryanggraeni/.m2/repository/io/cucumber/cucumber-plugin/7.5.0/cucumber-plugin-7.5.0.jar:/Users/koryanggraeni/.m2/repository/io/cucumber/docstring/7.5.0/docstring-7.5.0.jar:/Users/koryanggraeni/.m2/repository/io/cucumber/html-formatter/19.2.0/html-formatter-19.2.0.jar:/Users/koryanggraeni/.m2/repository/io/cucumber/ci-environment/9.1.0/ci-environment-9.1.0.jar:/Users/koryanggraeni/.m2/repository/org/apiguardian/apiguardian-api/1.1.2/apiguardian-api-1.1.2.jar:/Users/koryanggraeni/.m2/repository/io/cucumber/cucumber-junit-platform-engine/7.5.0/cucumber-junit-platform-engine-7.5.0.jar:/Users/koryanggraeni/.m2/repository/org/junit/platform/junit-platform-engine/1.9.0/junit-platform-engine-1.9.0.jar:/Users/koryanggraeni/.m2/repository/org/opentest4j/opentest4j/1.2.0/opentest4j-1.2.0.jar:/Users/koryanggraeni/.m2/repository/org/junit/platform/junit-platform-commons/1.9.0/junit-platform-commons-1.9.0.jar:/Users/koryanggraeni/.m2/repository/org/junit/platform/junit-platform-suite/1.9.0/junit-platform-suite-1.9.0.jar:/Users/koryanggraeni/.m2/repository/org/junit/platform/junit-platform-suite-api/1.9.0/junit-platform-suite-api-1.9.0.jar:/Users/koryanggraeni/.m2/repository/org/junit/platform/junit-platform-suite-engine/1.9.0/junit-platform-suite-engine-1.9.0.jar:/Users/koryanggraeni/.m2/repository/org/junit/platform/junit-platform-suite-commons/1.9.0/junit-platform-suite-commons-1.9.0.jar:/Users/koryanggraeni/.m2/repository/org/junit/platform/junit-platform-launcher/1.9.0/junit-platform-launcher-1.9.0.jar:/Users/koryanggraeni/.m2/repository/org/junit/jupiter/junit-jupiter/5.9.0/junit-jupiter-5.9.0.jar:/Users/koryanggraeni/.m2/repository/org/junit/jupiter/junit-jupiter-api/5.9.0/junit-jupiter-api-5.9.0.jar:/Users/koryanggraeni/.m2/repository/org/junit/jupiter/junit-jupiter-params/5.9.0/junit-jupiter-params-5.9.0.jar:/Users/koryanggraeni/.m2/repository/org/junit/jupiter/junit-jupiter-engine/5.9.0/junit-jupiter-engine-5.9.0.jar:/Users/koryanggraeni/.m2/repository/org/seleniumhq/selenium/selenium-api/3.14.0/selenium-api-3.14.0.jar:/Users/koryanggraeni/.m2/repository/org/seleniumhq/selenium/selenium-chrome-driver/3.11.0/selenium-chrome-driver-3.11.0.jar:/Users/koryanggraeni/.m2/repository/org/seleniumhq/selenium/selenium-remote-driver/3.11.0/selenium-remote-driver-3.11.0.jar:/Users/koryanggraeni/.m2/repository/net/bytebuddy/byte-buddy/1.7.9/byte-buddy-1.7.9.jar:/Users/koryanggraeni/.m2/repository/org/apache/commons/commons-exec/1.3/commons-exec-1.3.jar:/Users/koryanggraeni/.m2/repository/commons-codec/commons-codec/1.10/commons-codec-1.10.jar:/Users/koryanggraeni/.m2/repository/commons-logging/commons-logging/1.2/commons-logging-1.2.jar:/Users/koryanggraeni/.m2/repository/com/google/code/gson/gson/2.8.2/gson-2.8.2.jar:/Users/koryanggraeni/.m2/repository/com/google/guava/guava/23.6-jre/guava-23.6-jre.jar:/Users/koryanggraeni/.m2/repository/com/google/code/findbugs/jsr305/1.3.9/jsr305-1.3.9.jar:/Users/koryanggraeni/.m2/repository/org/checkerframework/checker-compat-qual/2.0.0/checker-compat-qual-2.0.0.jar:/Users/koryanggraeni/.m2/repository/com/google/errorprone/error_prone_annotations/2.1.3/error_prone_annotations-2.1.3.jar:/Users/koryanggraeni/.m2/repository/com/google/j2objc/j2objc-annotations/1.1/j2objc-annotations-1.1.jar:/Users/koryanggraeni/.m2/repository/org/codehaus/mojo/animal-sniffer-annotations/1.14/animal-sniffer-annotations-1.14.jar:/Users/koryanggraeni/.m2/repository/org/apache/httpcomponents/httpclient/4.5.3/httpclient-4.5.3.jar:/Users/koryanggraeni/.m2/repository/org/apache/httpcomponents/httpcore/4.4.6/httpcore-4.4.6.jar:/Users/koryanggraeni/.m2/repository/com/squareup/okhttp3/okhttp/3.9.1/okhttp-3.9.1.jar:/Users/koryanggraeni/.m2/repository/com/squareup/okio/okio/1.13.0/okio-1.13.0.jar:/Users/koryanggraeni/.m2/repository/org/seleniumhq/selenium/selenium-support/3.14.0/selenium-support-3.14.0.jar:"/>
    <property name="java.vm.vendor" value="Oracle Corporation"/>
    <property name="sun.arch.data.model" value="64"/>
    <property name="java.vendor.url" value="http://java.oracle.com/"/>
    <property name="user.timezone" value="Asia/Jakarta"/>
    <property name="java.vm.specification.version" value="1.8"/>
    <property name="os.name" value="Mac OS X"/>
    <property name="user.country" value="ID"/>
    <property name="sun.java.launcher" value="SUN_STANDARD"/>
    <property name="sun.boot.library.path" value="/Library/Java/JavaVirtualMachines/jdk1.8.0_321.jdk/Contents/Home/jre/lib"/>
    <property name="sun.java.command" value="/Users/koryanggraeni/test/ef_kory_test/ef_kory_test/target/surefire/surefirebooter-20220930144521017_3.jar /Users/koryanggraeni/test/ef_kory_test/ef_kory_test/target/surefire 2022-09-30T14-45-20_384-jvmRun1 surefire-20220930144521017_1tmp surefire_0-20220930144521017_2tmp"/>
    <property name="http.nonProxyHosts" value="local|*.local|169.254/16|*.169.254/16"/>
    <property name="surefire.test.class.path" value="/Users/koryanggraeni/test/ef_kory_test/ef_kory_test/target/test-classes:/Users/koryanggraeni/test/ef_kory_test/ef_kory_test/target/classes:/Users/koryanggraeni/.m2/repository/io/cucumber/cucumber-java/7.5.0/cucumber-java-7.5.0.jar:/Users/koryanggraeni/.m2/repository/io/cucumber/cucumber-core/7.5.0/cucumber-core-7.5.0.jar:/Users/koryanggraeni/.m2/repository/io/cucumber/cucumber-gherkin/7.5.0/cucumber-gherkin-7.5.0.jar:/Users/koryanggraeni/.m2/repository/io/cucumber/cucumber-gherkin-messages/7.5.0/cucumber-gherkin-messages-7.5.0.jar:/Users/koryanggraeni/.m2/repository/io/cucumber/gherkin/23.0.1/gherkin-23.0.1.jar:/Users/koryanggraeni/.m2/repository/io/cucumber/messages/18.0.0/messages-18.0.0.jar:/Users/koryanggraeni/.m2/repository/io/cucumber/tag-expressions/4.1.0/tag-expressions-4.1.0.jar:/Users/koryanggraeni/.m2/repository/io/cucumber/cucumber-expressions/16.0.0/cucumber-expressions-16.0.0.jar:/Users/koryanggraeni/.m2/repository/io/cucumber/datatable/7.5.0/datatable-7.5.0.jar:/Users/koryanggraeni/.m2/repository/io/cucumber/cucumber-plugin/7.5.0/cucumber-plugin-7.5.0.jar:/Users/koryanggraeni/.m2/repository/io/cucumber/docstring/7.5.0/docstring-7.5.0.jar:/Users/koryanggraeni/.m2/repository/io/cucumber/html-formatter/19.2.0/html-formatter-19.2.0.jar:/Users/koryanggraeni/.m2/repository/io/cucumber/ci-environment/9.1.0/ci-environment-9.1.0.jar:/Users/koryanggraeni/.m2/repository/org/apiguardian/apiguardian-api/1.1.2/apiguardian-api-1.1.2.jar:/Users/koryanggraeni/.m2/repository/io/cucumber/cucumber-junit-platform-engine/7.5.0/cucumber-junit-platform-engine-7.5.0.jar:/Users/koryanggraeni/.m2/repository/org/junit/platform/junit-platform-engine/1.9.0/junit-platform-engine-1.9.0.jar:/Users/koryanggraeni/.m2/repository/org/opentest4j/opentest4j/1.2.0/opentest4j-1.2.0.jar:/Users/koryanggraeni/.m2/repository/org/junit/platform/junit-platform-commons/1.9.0/junit-platform-commons-1.9.0.jar:/Users/koryanggraeni/.m2/repository/org/junit/platform/junit-platform-suite/1.9.0/junit-platform-suite-1.9.0.jar:/Users/koryanggraeni/.m2/repository/org/junit/platform/junit-platform-suite-api/1.9.0/junit-platform-suite-api-1.9.0.jar:/Users/koryanggraeni/.m2/repository/org/junit/platform/junit-platform-suite-engine/1.9.0/junit-platform-suite-engine-1.9.0.jar:/Users/koryanggraeni/.m2/repository/org/junit/platform/junit-platform-suite-commons/1.9.0/junit-platform-suite-commons-1.9.0.jar:/Users/koryanggraeni/.m2/repository/org/junit/platform/junit-platform-launcher/1.9.0/junit-platform-launcher-1.9.0.jar:/Users/koryanggraeni/.m2/repository/org/junit/jupiter/junit-jupiter/5.9.0/junit-jupiter-5.9.0.jar:/Users/koryanggraeni/.m2/repository/org/junit/jupiter/junit-jupiter-api/5.9.0/junit-jupiter-api-5.9.0.jar:/Users/koryanggraeni/.m2/repository/org/junit/jupiter/junit-jupiter-params/5.9.0/junit-jupiter-params-5.9.0.jar:/Users/koryanggraeni/.m2/repository/org/junit/jupiter/junit-jupiter-engine/5.9.0/junit-jupiter-engine-5.9.0.jar:/Users/koryanggraeni/.m2/repository/org/seleniumhq/selenium/selenium-api/3.14.0/selenium-api-3.14.0.jar:/Users/koryanggraeni/.m2/repository/org/seleniumhq/selenium/selenium-chrome-driver/3.11.0/selenium-chrome-driver-3.11.0.jar:/Users/koryanggraeni/.m2/repository/org/seleniumhq/selenium/selenium-remote-driver/3.11.0/selenium-remote-driver-3.11.0.jar:/Users/koryanggraeni/.m2/repository/net/bytebuddy/byte-buddy/1.7.9/byte-buddy-1.7.9.jar:/Users/koryanggraeni/.m2/repository/org/apache/commons/commons-exec/1.3/commons-exec-1.3.jar:/Users/koryanggraeni/.m2/repository/commons-codec/commons-codec/1.10/commons-codec-1.10.jar:/Users/koryanggraeni/.m2/repository/commons-logging/commons-logging/1.2/commons-logging-1.2.jar:/Users/koryanggraeni/.m2/repository/com/google/code/gson/gson/2.8.2/gson-2.8.2.jar:/Users/koryanggraeni/.m2/repository/com/google/guava/guava/23.6-jre/guava-23.6-jre.jar:/Users/koryanggraeni/.m2/repository/com/google/code/findbugs/jsr305/1.3.9/jsr305-1.3.9.jar:/Users/koryanggraeni/.m2/repository/org/checkerframework/checker-compat-qual/2.0.0/checker-compat-qual-2.0.0.jar:/Users/koryanggraeni/.m2/repository/com/google/errorprone/error_prone_annotations/2.1.3/error_prone_annotations-2.1.3.jar:/Users/koryanggraeni/.m2/repository/com/google/j2objc/j2objc-annotations/1.1/j2objc-annotations-1.1.jar:/Users/koryanggraeni/.m2/repository/org/codehaus/mojo/animal-sniffer-annotations/1.14/animal-sniffer-annotations-1.14.jar:/Users/koryanggraeni/.m2/repository/org/apache/httpcomponents/httpclient/4.5.3/httpclient-4.5.3.jar:/Users/koryanggraeni/.m2/repository/org/apache/httpcomponents/httpcore/4.4.6/httpcore-4.4.6.jar:/Users/koryanggraeni/.m2/repository/com/squareup/okhttp3/okhttp/3.9.1/okhttp-3.9.1.jar:/Users/koryanggraeni/.m2/repository/com/squareup/okio/okio/1.13.0/okio-1.13.0.jar:/Users/koryanggraeni/.m2/repository/org/seleniumhq/selenium/selenium-support/3.14.0/selenium-support-3.14.0.jar:"/>
    <property name="sun.cpu.endian" value="little"/>
    <property name="user.home" value="/Users/koryanggraeni"/>
    <property name="user.language" value="en"/>
    <property name="java.specification.vendor" value="Oracle Corporation"/>
    <property name="java.home" value="/Library/Java/JavaVirtualMachines/jdk1.8.0_321.jdk/Contents/Home/jre"/>
    <property name="basedir" value="/Users/koryanggraeni/test/ef_kory_test/ef_kory_test"/>
    <property name="file.separator" value="/"/>
    <property name="line.separator" value="&#10;"/>
    <property name="java.vm.specification.vendor" value="Oracle Corporation"/>
    <property name="java.specification.name" value="Java Platform API Specification"/>
    <property name="java.awt.graphicsenv" value="sun.awt.CGraphicsEnvironment"/>
    <property name="surefire.real.class.path" value="/Users/koryanggraeni/test/ef_kory_test/ef_kory_test/target/surefire/surefirebooter-20220930144521017_3.jar"/>
    <property name="sun.boot.class.path" value="/Library/Java/JavaVirtualMachines/jdk1.8.0_321.jdk/Contents/Home/jre/lib/resources.jar:/Library/Java/JavaVirtualMachines/jdk1.8.0_321.jdk/Contents/Home/jre/lib/rt.jar:/Library/Java/JavaVirtualMachines/jdk1.8.0_321.jdk/Contents/Home/jre/lib/sunrsasign.jar:/Library/Java/JavaVirtualMachines/jdk1.8.0_321.jdk/Contents/Home/jre/lib/jsse.jar:/Library/Java/JavaVirtualMachines/jdk1.8.0_321.jdk/Contents/Home/jre/lib/jce.jar:/Library/Java/JavaVirtualMachines/jdk1.8.0_321.jdk/Contents/Home/jre/lib/charsets.jar:/Library/Java/JavaVirtualMachines/jdk1.8.0_321.jdk/Contents/Home/jre/lib/jfr.jar:/Library/Java/JavaVirtualMachines/jdk1.8.0_321.jdk/Contents/Home/jre/classes"/>
    <property name="sun.management.compiler" value="HotSpot 64-Bit Tiered Compilers"/>
    <property name="ftp.nonProxyHosts" value="local|*.local|169.254/16|*.169.254/16"/>
    <property name="java.runtime.version" value="1.8.0_321-b07"/>
    <property name="user.name" value="koryanggraeni"/>
    <property name="path.separator" value=":"/>
    <property name="os.version" value="12.4"/>
    <property name="java.endorsed.dirs" value="/Library/Java/JavaVirtualMachines/jdk1.8.0_321.jdk/Contents/Home/jre/lib/endorsed"/>
    <property name="java.runtime.name" value="Java(TM) SE Runtime Environment"/>
    <property name="file.encoding" value="UTF-8"/>
    <property name="java.vm.name" value="Java HotSpot(TM) 64-Bit Server VM"/>
    <property name="localRepository" value="/Users/koryanggraeni/.m2/repository"/>
    <property name="java.vendor.url.bug" value="http://bugreport.sun.com/bugreport/"/>
    <property name="java.io.tmpdir" value="/var/folders/6h/v7xjf0bn4y341rx9pz3022z00000gn/T/"/>
    <property name="cucumber.filter.tags" value="@repeat_music"/>
    <property name="java.version" value="1.8.0_321"/>
    <property name="user.dir" value="/Users/koryanggraeni/test/ef_kory_test/ef_kory_test"/>
    <property name="os.arch" value="x86_64"/>
    <property name="java.vm.specification.name" value="Java Virtual Machine Specification"/>
    <property name="java.awt.printerjob" value="sun.lwawt.macosx.CPrinterJob"/>
    <property name="sun.os.patch.level" value="unknown"/>
    <property name="java.library.path" value="/Users/koryanggraeni/Library/Java/Extensions:/Library/Java/Extensions:/Network/Library/Java/Extensions:/System/Library/Java/Extensions:/usr/lib/java:."/>
    <property name="java.vm.info" value="mixed mode"/>
    <property name="java.vendor" value="Oracle Corporation"/>
    <property name="java.vm.version" value="25.321-b07"/>
    <property name="java.ext.dirs" value="/Users/koryanggraeni/Library/Java/Extensions:/Library/Java/JavaVirtualMachines/jdk1.8.0_321.jdk/Contents/Home/jre/lib/ext:/Library/Java/Extensions:/Network/Library/Java/Extensions:/System/Library/Java/Extensions:/usr/lib/java"/>
    <property name="sun.io.unicode.encoding" value="UnicodeBig"/>
    <property name="java.class.version" value="52.0"/>
    <property name="socksNonProxyHosts" value="local|*.local|169.254/16|*.169.254/16"/>
  </properties>
  <testcase name="Playing Music" classname="Play Youtube Music" time="0">
    <skipped message="&apos;cucumber.filter.tags=@repeat_music&apos; did not match this scenario"/>
  </testcase>
  <testcase name="Paused Youtube Music" classname="Play Youtube Music" time="0">
    <skipped message="&apos;cucumber.filter.tags=@repeat_music&apos; did not match this scenario"/>
  </testcase>
  <testcase name="Play Back Youtube Music" classname="Play Youtube Music" time="0">
    <skipped message="&apos;cucumber.filter.tags=@repeat_music&apos; did not match this scenario"/>
  </testcase>
  <testcase name="Play Next Youtube Music" classname="Play Youtube Music" time="0">
    <skipped message="&apos;cucumber.filter.tags=@repeat_music&apos; did not match this scenario"/>
  </testcase>
  <testcase name="Repeat Youtube Music" classname="Play Youtube Music" time="23.098">
    <error message="no such element: Unable to locate element: {&quot;method&quot;:&quot;css selector&quot;,&quot;selector&quot;:&quot;.repeat\ style\-scope\ ytmusic\-player\-bar&quot;}&#10;  (Session info: chrome=106.0.5249.61)&#10;For documentation on this error, please visit: http://seleniumhq.org/exceptions/no_such_element.html&#10;Build info: version: &apos;3.14.0&apos;, revision: &apos;aacccce0&apos;, time: &apos;2018-08-02T20:19:58.91Z&apos;&#10;System info: host: &apos;Korys-MacBook-Pro.local&apos;, ip: &apos;fe80:0:0:0:cbf:1c1e:da08:d7cb%en0&apos;, os.name: &apos;Mac OS X&apos;, os.arch: &apos;x86_64&apos;, os.version: &apos;12.4&apos;, java.version: &apos;1.8.0_321&apos;&#10;Driver info: org.openqa.selenium.chrome.ChromeDriver&#10;Capabilities {acceptInsecureCerts: false, browserName: chrome, browserVersion: 106.0.5249.61, chrome: {chromedriverVersion: 106.0.5249.61 (511755355844..., userDataDir: /var/folders/6h/v7xjf0bn4y3...}, goog:chromeOptions: {debuggerAddress: localhost:64335}, javascriptEnabled: true, networkConnectionEnabled: false, pageLoadStrategy: normal, platform: MAC, platformName: MAC, proxy: Proxy(), setWindowRect: true, strictFileInteractability: false, timeouts: {implicit: 0, pageLoad: 300000, script: 30000}, unhandledPromptBehavior: dismiss and notify, webauthn:extension:credBlob: true, webauthn:extension:largeBlob: true, webauthn:virtualAuthenticators: true}&#10;Session ID: 9cdc5f972072947f921093f0fc90e1f7&#10;*** Element info: {Using=class name, value=repeat style-scope ytmusic-player-bar}" type="org.openqa.selenium.NoSuchElementException"><![CDATA[org.openqa.selenium.NoSuchElementException: 
no such element: Unable to locate element: {"method":"css selector","selector":".repeat\ style\-scope\ ytmusic\-player\-bar"}
  (Session info: chrome=106.0.5249.61)
For documentation on this error, please visit: http://seleniumhq.org/exceptions/no_such_element.html
Build info: version: '3.14.0', revision: 'aacccce0', time: '2018-08-02T20:19:58.91Z'
System info: host: 'Korys-MacBook-Pro.local', ip: 'fe80:0:0:0:cbf:1c1e:da08:d7cb%en0', os.name: 'Mac OS X', os.arch: 'x86_64', os.version: '12.4', java.version: '1.8.0_321'
Driver info: org.openqa.selenium.chrome.ChromeDriver
Capabilities {acceptInsecureCerts: false, browserName: chrome, browserVersion: 106.0.5249.61, chrome: {chromedriverVersion: 106.0.5249.61 (511755355844..., userDataDir: /var/folders/6h/v7xjf0bn4y3...}, goog:chromeOptions: {debuggerAddress: localhost:64335}, javascriptEnabled: true, networkConnectionEnabled: false, pageLoadStrategy: normal, platform: MAC, platformName: MAC, proxy: Proxy(), setWindowRect: true, strictFileInteractability: false, timeouts: {implicit: 0, pageLoad: 300000, script: 30000}, unhandledPromptBehavior: dismiss and notify, webauthn:extension:credBlob: true, webauthn:extension:largeBlob: true, webauthn:virtualAuthenticators: true}
Session ID: 9cdc5f972072947f921093f0fc90e1f7
*** Element info: {Using=class name, value=repeat style-scope ytmusic-player-bar}
	at sun.reflect.NativeConstructorAccessorImpl.newInstance0(Native Method)
	at sun.reflect.NativeConstructorAccessorImpl.newInstance(NativeConstructorAccessorImpl.java:62)
	at sun.reflect.DelegatingConstructorAccessorImpl.newInstance(DelegatingConstructorAccessorImpl.java:45)
	at java.lang.reflect.Constructor.newInstance(Constructor.java:423)
	at org.openqa.selenium.remote.http.W3CHttpResponseCodec.createException(W3CHttpResponseCodec.java:187)
	at org.openqa.selenium.remote.http.W3CHttpResponseCodec.decode(W3CHttpResponseCodec.java:122)
	at org.openqa.selenium.remote.http.W3CHttpResponseCodec.decode(W3CHttpResponseCodec.java:49)
	at org.openqa.selenium.remote.HttpCommandExecutor.execute(HttpCommandExecutor.java:158)
	at org.openqa.selenium.remote.service.DriverCommandExecutor.execute(DriverCommandExecutor.java:83)
	at org.openqa.selenium.remote.RemoteWebDriver.execute(RemoteWebDriver.java:545)
	at org.openqa.selenium.remote.RemoteWebDriver.findElement(RemoteWebDriver.java:319)
	at org.openqa.selenium.remote.RemoteWebDriver.findElementByClassName(RemoteWebDriver.java:405)
	at org.openqa.selenium.By$ByClassName.findElement(By.java:389)
	at org.openqa.selenium.remote.RemoteWebDriver.findElement(RemoteWebDriver.java:311)
	at ef_kory_test.StepDefinitions.userClickTheRepeatIcon(StepDefinitions.java:120)
	at ✽.user click the repeat icon(classpath:ef_kory_test/example.feature:45)
]]></error>
    <system-out><![CDATA[
@test @tc_ef_001 @repeat_music
Scenario: Repeat Youtube Music                                   &amp#27;[90m# ef_kory_test/example.feature:41&amp#27;[0m
  &amp#27;[32mGiven &amp#27;[0m&amp#27;[32muser visit Youtube Music home page&amp#27;[0m                       &amp#27;[90m# ef_kory_test.StepDefinitions.userVisitYoutubeMusicHomePage()&amp#27;[0m
  &amp#27;[32mAnd &amp#27;[0m&amp#27;[32muser click the play icon on the first song in the carousel&amp#27;[0m &amp#27;[90m# ef_kory_test.StepDefinitions.userClickThePlayIconOnTheFirstSongInTheCarousel()&amp#27;[0m
  &amp#27;[31mWhen &amp#27;[0m&amp#27;[31muser click the repeat icon&amp#27;[0m                                &amp#27;[90m# ef_kory_test.StepDefinitions.userClickTheRepeatIcon()&amp#27;[0m
      &amp#27;[31morg.openqa.selenium.NoSuchElementException: no such element: Unable to locate element: {"method":"css selector","selector":".repeat\ style\-scope\ ytmusic\-player\-bar"}
  (Session info: chrome=106.0.5249.61)
For documentation on this error, please visit: http://seleniumhq.org/exceptions/no_such_element.html
Build info: version: '3.14.0', revision: 'aacccce0', time: '2018-08-02T20:19:58.91Z'
System info: host: 'Korys-MacBook-Pro.local', ip: 'fe80:0:0:0:cbf:1c1e:da08:d7cb%en0', os.name: 'Mac OS X', os.arch: 'x86_64', os.version: '12.4', java.version: '1.8.0_321'
Driver info: org.openqa.selenium.chrome.ChromeDriver
Capabilities {acceptInsecureCerts: false, browserName: chrome, browserVersion: 106.0.5249.61, chrome: {chromedriverVersion: 106.0.5249.61 (511755355844..., userDataDir: /var/folders/6h/v7xjf0bn4y3...}, goog:chromeOptions: {debuggerAddress: localhost:64335}, javascriptEnabled: true, networkConnectionEnabled: false, pageLoadStrategy: normal, platform: MAC, platformName: MAC, proxy: Proxy(), setWindowRect: true, strictFileInteractability: false, timeouts: {implicit: 0, pageLoad: 300000, script: 30000}, unhandledPromptBehavior: dismiss and notify, webauthn:extension:credBlob: true, webauthn:extension:largeBlob: true, webauthn:virtualAuthenticators: true}
Session ID: 9cdc5f972072947f921093f0fc90e1f7
*** Element info: {Using=class name, value=repeat style-scope ytmusic-player-bar}
	at sun.reflect.NativeConstructorAccessorImpl.newInstance0(Native Method)
	at sun.reflect.NativeConstructorAccessorImpl.newInstance(NativeConstructorAccessorImpl.java:62)
	at sun.reflect.DelegatingConstructorAccessorImpl.newInstance(DelegatingConstructorAccessorImpl.java:45)
	at java.lang.reflect.Constructor.newInstance(Constructor.java:423)
	at org.openqa.selenium.remote.http.W3CHttpResponseCodec.createException(W3CHttpResponseCodec.java:187)
	at org.openqa.selenium.remote.http.W3CHttpResponseCodec.decode(W3CHttpResponseCodec.java:122)
	at org.openqa.selenium.remote.http.W3CHttpResponseCodec.decode(W3CHttpResponseCodec.java:49)
	at org.openqa.selenium.remote.HttpCommandExecutor.execute(HttpCommandExecutor.java:158)
	at org.openqa.selenium.remote.service.DriverCommandExecutor.execute(DriverCommandExecutor.java:83)
	at org.openqa.selenium.remote.RemoteWebDriver.execute(RemoteWebDriver.java:545)
	at org.openqa.selenium.remote.RemoteWebDriver.findElement(RemoteWebDriver.java:319)
	at org.openqa.selenium.remote.RemoteWebDriver.findElementByClassName(RemoteWebDriver.java:405)
	at org.openqa.selenium.By$ByClassName.findElement(By.java:389)
	at org.openqa.selenium.remote.RemoteWebDriver.findElement(RemoteWebDriver.java:311)
	at ef_kory_test.StepDefinitions.userClickTheRepeatIcon(StepDefinitions.java:120)
	at ✽.user click the repeat icon(classpath:ef_kory_test/example.feature:45)
&amp#27;[0m
  &amp#27;[36mThen &amp#27;[0m&amp#27;[36muser should hear the music repeated icon is active&amp#27;[0m        &amp#27;[90m# ef_kory_test.StepDefinitions.userShouldHearTheMusicRepeatedIconIsActive()&amp#27;[0m
]]></system-out>
    <system-err><![CDATA[Starting ChromeDriver 106.0.5249.61 (511755355844955cd3e264779baf0dd38212a4d0-refs/branch-heads/5249@{#569}) on port 15451
Only local connections are allowed.
Please see https://chromedriver.chromium.org/security-considerations for suggestions on keeping ChromeDriver safe.
ChromeDriver was started successfully.
Sep 30, 2022 2:45:24 PM org.openqa.selenium.remote.ProtocolHandshake createSession
INFO: Detected dialect: W3C
]]></system-err>
  </testcase>
  <testcase name="Repeat Youtube Music" classname="Play Youtube Music" time="0">
    <skipped message="&apos;cucumber.filter.tags=@repeat_music&apos; did not match this scenario"/>
  </testcase>
  <testcase name="Repeat Youtube Music" classname="Play Youtube Music" time="0">
    <skipped message="&apos;cucumber.filter.tags=@repeat_music&apos; did not match this scenario"/>
  </testcase>
</testsuite>